1:C 31 Jan 2025 13:34:58.224 * oO0OoO0OoO0Oo Redis is starting oO0OoO0OoO0Oo
1:C 31 Jan 2025 13:34:58.224 * Redis version=7.4.2, bits=64, commit=00000000, modified=1, pid=1, just started
1:C 31 Jan 2025 13:34:58.224 * Configuration loaded
1:S 31 Jan 2025 13:34:58.224 * monotonic clock: POSIX clock_gettime
1:S 31 Jan 2025 13:34:58.225 * Running mode=standalone, port=6379.
1:S 31 Jan 2025 13:34:58.226 * Server initialized
1:S 31 Jan 2025 13:34:58.226 * Reading RDB base file on AOF loading...
1:S 31 Jan 2025 13:34:58.226 * Loading RDB produced by version 7.4.2
1:S 31 Jan 2025 13:34:58.226 * RDB age 395 seconds
1:S 31 Jan 2025 13:34:58.226 * RDB memory usage when created 0.92 Mb
1:S 31 Jan 2025 13:34:58.226 * RDB is base AOF
1:S 31 Jan 2025 13:34:58.226 * Done loading RDB, keys loaded: 0, keys expired: 0.
1:S 31 Jan 2025 13:34:58.226 * DB loaded from base file appendonly.aof.2.base.rdb: 0.000 seconds
1:S 31 Jan 2025 13:34:58.226 * DB loaded from append only file: 0.000 seconds
1:S 31 Jan 2025 13:34:58.227 * Opening AOF incr file appendonly.aof.2.incr.aof on server start
1:S 31 Jan 2025 13:34:58.227 * Ready to accept connections tcp
1:S 31 Jan 2025 13:34:58.227 * Connecting to MASTER rendermart-redis-master-0.rendermart-redis-headless.default.svc.cluster.local:6379
1:S 31 Jan 2025 13:34:58.234 # Unable to connect to MASTER: File exists
1:S 31 Jan 2025 13:34:59.245 * Connecting to MASTER rendermart-redis-master-0.rendermart-redis-headless.default.svc.cluster.local:6379
1:S 31 Jan 2025 13:34:59.248 # Unable to connect to MASTER: File exists
1:S 31 Jan 2025 13:35:00.256 * Connecting to MASTER rendermart-redis-master-0.rendermart-redis-headless.default.svc.cluster.local:6379
1:S 31 Jan 2025 13:35:00.258 * MASTER <-> REPLICA sync started
1:S 31 Jan 2025 13:35:00.258 * Non blocking connect for SYNC fired the event.
1:S 31 Jan 2025 13:35:00.260 * Master replied to PING, replication can continue...
1:S 31 Jan 2025 13:35:00.263 * Partial resynchronization not possible (no cached master)
1:S 31 Jan 2025 13:35:05.371 * Full resync from master: 7f4449f501be0854034ccd49f90657745d2efd09:14
1:S 31 Jan 2025 13:35:05.372 * MASTER <-> REPLICA sync: receiving streamed RDB from master with EOF to disk
1:S 31 Jan 2025 13:35:05.372 * MASTER <-> REPLICA sync: Flushing old data
1:S 31 Jan 2025 13:35:05.373 * MASTER <-> REPLICA sync: Loading DB in memory
1:S 31 Jan 2025 13:35:05.377 * Loading RDB produced by version 7.4.2
1:S 31 Jan 2025 13:35:05.377 * RDB age 0 seconds
1:S 31 Jan 2025 13:35:05.377 * RDB memory usage when created 1.11 Mb
1:S 31 Jan 2025 13:35:05.377 * Done loading RDB, keys loaded: 0, keys expired: 0.
1:S 31 Jan 2025 13:35:05.377 * MASTER <-> REPLICA sync: Finished with success
1:S 31 Jan 2025 13:35:05.377 * Creating AOF incr file temp-appendonly.aof.incr on background rewrite
1:S 31 Jan 2025 13:35:05.378 * Background append only file rewriting started by pid 19
19:C 31 Jan 2025 13:35:05.381 * Successfully created the temporary AOF base file temp-rewriteaof-bg-19.aof
19:C 31 Jan 2025 13:35:05.382 * Fork CoW for AOF rewrite: current 0 MB, peak 0 MB, average 0 MB
1:S 31 Jan 2025 13:35:05.408 * Background AOF rewrite terminated with success
1:S 31 Jan 2025 13:35:05.408 * Successfully renamed the temporary AOF base file temp-rewriteaof-bg-19.aof into appendonly.aof.3.base.rdb
1:S 31 Jan 2025 13:35:05.408 * Successfully renamed the temporary AOF incr file temp-appendonly.aof.incr into appendonly.aof.3.incr.aof
1:S 31 Jan 2025 13:35:05.412 * Removing the history file appendonly.aof.2.incr.aof in the background
1:S 31 Jan 2025 13:35:05.413 * Removing the history file appendonly.aof.2.base.rdb in the background
1:S 31 Jan 2025 13:35:05.417 * Background AOF rewrite finished successfully
1:S 31 Jan 2025 13:55:04.805 * Connection with master lost.
1:S 31 Jan 2025 13:55:04.806 * Caching the disconnected master state.
1:S 31 Jan 2025 13:55:04.807 * Reconnecting to MASTER rendermart-redis-master-0.rendermart-redis-headless.default.svc.cluster.local:6379
1:S 31 Jan 2025 13:55:04.899 * MASTER <-> REPLICA sync started
1:S 31 Jan 2025 13:55:04.899 * Non blocking connect for SYNC fired the event.
1:S 31 Jan 2025 13:55:04.902 * Master replied to PING, replication can continue...
1:S 31 Jan 2025 13:55:04.903 * Trying a partial resynchronization (request 7f4449f501be0854034ccd49f90657745d2efd09:253).
1:S 31 Jan 2025 13:55:04.907 * Successful partial resynchronization with master.
1:S 31 Jan 2025 13:55:04.907 * MASTER <-> REPLICA sync: Master accepted a Partial Resynchronization.
